<?xml version="1.0" encoding="UTF-8"?>
<!-- Generated by org.testng.reporters.JUnitReportReporter -->
<testsuite hostname="Kavya" failures="0" tests="3" name="com.crm.contact.Test0" time="0.013" errors="0" timestamp="2021-12-30T14:53:24 IST" skipped="0">
  <testcase classname="com.crm.contact.Test0" name="modifyContact" time="0.000"/>
  <system-out/>
  <testcase classname="com.crm.contact.Test0" name="createContact" time="0.012"/>
  <system-out/>
  <testcase classname="com.crm.contact.Test0" name="deleteContact" time="0.001"/>
  <system-out/>
</testsuite> <!-- com.crm.contact.Test0 -->
