<?xml version="1.0" encoding="UTF-8"?>
<!-- Generated by org.testng.reporters.JUnitReportReporter -->
<testsuite hostname="Kavya" failures="0" tests="3" name="com.crm.org.Test0" time="0.012" errors="0" timestamp="2021-12-30T14:30:33 IST" skipped="0">
  <testcase classname="com.crm.org.Test0" name="modifyOrg" time="0.002"/>
  <system-out/>
  <testcase classname="com.crm.org.Test0" name="createOrg" time="0.008"/>
  <system-out/>
  <testcase classname="com.crm.org.Test0" name="deleteOrg" time="0.002"/>
  <system-out/>
</testsuite> <!-- com.crm.org.Test0 -->
